<?xml version="1.0" encoding="UTF-8"?>
<!-- Generated by org.testng.reporters.JUnitXMLReporter -->
<testsuite ignored="2" hostname="DESKTOP-KIRAN" failures="0" tests="1" name="Test1" time="4.808" errors="0" timestamp="2023-04-24T01:28:54 IST">
  <testcase classname="tests.LoginTest" name="verifyValidLogin" time="0.583"/>
  <testcase classname="tests.LoginTest" name="verifyInValidLogin" time="0.0">
    <ignored/>
  </testcase> <!-- verifyInValidLogin -->
  <testcase classname="tests.LoginTest" name="verifyValidLoginLogout" time="0.0">
    <ignored/>
  </testcase> <!-- verifyValidLoginLogout -->
</testsuite> <!-- Test1 -->
