<?xml version="1.0" encoding="UTF-8"?>
<!-- Generated by org.testng.reporters.JUnitXMLReporter -->
<testsuite hostname="DESKTOP-KIRAN" ignored="2" name="Test1" tests="1" failures="0" timestamp="2023-04-28T20:14:27 IST" time="6.609" errors="0">
  <testcase name="verifyValidLogin" time="0.758" classname="tests.LoginTest"/>
  <testcase name="verifyInValidLogin" time="0.0" classname="tests.LoginTest">
    <ignored/>
  </testcase> <!-- verifyInValidLogin -->
  <testcase name="verifyValidLoginLogout" time="0.0" classname="tests.LoginTest">
    <ignored/>
  </testcase> <!-- verifyValidLoginLogout -->
</testsuite> <!-- Test1 -->
