<?xml version="1.0" encoding="UTF-8"?>
<!-- Generated by org.testng.reporters.JUnitXMLReporter -->
<testsuite hostname="DESKTOP-KIRAN" ignored="3" tests="0" failures="0" timestamp="2023-04-28T20:14:27 IST" time="0.021" errors="0">
  <testcase name="verifyInValidLogin" time="0.0" classname="tests.LoginTest">
    <ignored/>
  </testcase> <!-- verifyInValidLogin -->
  <testcase name="verifyValidLogin" time="0.0" classname="tests.LoginTest">
    <ignored/>
  </testcase> <!-- verifyValidLogin -->
  <testcase name="verifyValidLoginLogout" time="0.0" classname="tests.LoginTest">
    <ignored/>
  </testcase> <!-- verifyValidLoginLogout -->
</testsuite>
