<?xml version="1.0" encoding="UTF-8"?>
<testng-results skipped="0" failed="0" ignored="5" total="6" passed="1">
  <reporter-output>
  </reporter-output>
  <suite name="SmokeTests" duration-ms="6421" started-at="2023-04-30T21:29:27 IST" finished-at="2023-04-30T21:29:34 IST">
    <groups>
    </groups>
    <test name="Test1" duration-ms="6398" started-at="2023-04-30T21:29:27 IST" finished-at="2023-04-30T21:29:34 IST">
      <class name="tests.LoginTest">
        <test-method status="PASS" signature="setUpMethod(java.lang.String)[pri:0, instance:tests.LoginTest@1450078a]" name="setUpMethod" is-config="true" duration-ms="3225" started-at="2023-04-30T21:29:29 IST" finished-at="2023-04-30T21:29:32 IST">
          <params>
            <param index="0">
              <value>
                <![CDATA[chrome]]>
              </value>
            </param>
          </params>
          <reporter-output>
          </reporter-output>
        </test-method> <!-- setUpMethod -->
        <test-method status="PASS" signature="verifyValidLogin(java.lang.String,java.lang.String)[pri:0, instance:tests.LoginTest@1450078a]" name="verifyValidLogin" duration-ms="396" started-at="2023-04-30T21:29:32 IST" data-provider="getValidLoginData" finished-at="2023-04-30T21:29:33 IST">
          <params>
            <param index="0">
              <value>
                <![CDATA[standard_user]]>
              </value>
            </param>
            <param index="1">
              <value>
                <![CDATA[secret_sauce]]>
              </value>
            </param>
          </params>
          <reporter-output>
          </reporter-output>
        </test-method> <!-- verifyValidLogin -->
        <test-method status="PASS" signature="tearDownMethod()[pri:0, instance:tests.LoginTest@1450078a]" name="tearDownMethod" is-config="true" duration-ms="669" started-at="2023-04-30T21:29:33 IST" finished-at="2023-04-30T21:29:34 IST">
          <reporter-output>
          </reporter-output>
        </test-method> <!-- tearDownMethod -->
      </class> <!-- tests.LoginTest -->
    </test> <!-- Test1 -->
    <test name="Test2" duration-ms="6" started-at="2023-04-30T21:29:34 IST" finished-at="2023-04-30T21:29:34 IST">
      <class name="tests.LoginTest">
        <test-method status="PASS" signature="setUpSuite()[pri:0, instance:tests.LoginTest@466d49f0]" name="setUpSuite" is-config="true" duration-ms="24" started-at="2023-04-30T21:29:27 IST" finished-at="2023-04-30T21:29:27 IST">
          <reporter-output>
          </reporter-output>
        </test-method> <!-- setUpSuite -->
      </class> <!-- tests.LoginTest -->
    </test> <!-- Test2 -->
  </suite> <!-- SmokeTests -->
</testng-results>
