<?xml version="1.0" encoding="UTF-8"?>
<testng-results skipped="0" failed="0" ignored="0" total="1" passed="1">
  <reporter-output>
  </reporter-output>
  <suite name="Suite" duration-ms="7824" started-at="2023-04-30T02:12:39 IST" finished-at="2023-04-30T02:12:47 IST">
    <groups>
    </groups>
    <test name="Test" duration-ms="7824" started-at="2023-04-30T02:12:39 IST" finished-at="2023-04-30T02:12:47 IST">
      <class name="tests.TestRegistration">
        <test-method status="PASS" signature="setUp(java.lang.String)[pri:0, instance:tests.TestRegistration@7180e701]" name="setUp" is-config="true" duration-ms="4153" started-at="2023-04-30T02:12:40 IST" finished-at="2023-04-30T02:12:45 IST">
          <params>
            <param index="0">
              <value>
                <![CDATA[chrome]]>
              </value>
            </param>
          </params>
          <reporter-output>
          </reporter-output>
        </test-method> <!-- setUp -->
        <test-method status="PASS" signature="verifyRegistration(java.lang.String,java.lang.String,java.lang.String,java.lang.String,java.lang.String,java.lang.String,java.lang.String,java.lang.String,java.lang.String,java.lang.String,java.lang.String,java.lang.String,java.lang.String,java.lang.String,java.lang.String)[pri:0, instance:tests.TestRegistration@7180e701]" name="verifyRegistration" duration-ms="1843" started-at="2023-04-30T02:12:45 IST" data-provider="getRegDetails" finished-at="2023-04-30T02:12:47 IST">
          <params>
            <param index="0">
              <value>
                <![CDATA[Kiran]]>
              </value>
            </param>
            <param index="1">
              <value>
                <![CDATA[Kumar]]>
              </value>
            </param>
            <param index="2">
              <value>
                <![CDATA[Sample Address]]>
              </value>
            </param>
            <param index="3">
              <value>
                <![CDATA[me1@test.com]]>
              </value>
            </param>
            <param index="4">
              <value>
                <![CDATA[1234567890]]>
              </value>
            </param>
            <param index="5">
              <value>
                <![CDATA[Male]]>
              </value>
            </param>
            <param index="6">
              <value>
                <![CDATA[Cricket;Hockey]]>
              </value>
            </param>
            <param index="7">
              <value>
                <![CDATA[English;Hindi]]>
              </value>
            </param>
            <param index="8">
              <value>
                <![CDATA[Java]]>
              </value>
            </param>
            <param index="9">
              <value>
                <![CDATA[India]]>
              </value>
            </param>
            <param index="10">
              <value>
                <![CDATA[2000]]>
              </value>
            </param>
            <param index="11">
              <value>
                <![CDATA[April]]>
              </value>
            </param>
            <param index="12">
              <value>
                <![CDATA[20]]>
              </value>
            </param>
            <param index="13">
              <value>
                <![CDATA[Scret1]]>
              </value>
            </param>
            <param index="14">
              <value>
                <![CDATA[Scret1]]>
              </value>
            </param>
          </params>
          <reporter-output>
          </reporter-output>
        </test-method> <!-- verifyRegistration -->
        <test-method status="PASS" signature="tearDown()[pri:0, instance:tests.TestRegistration@7180e701]" name="tearDown" is-config="true" duration-ms="1" started-at="2023-04-30T02:12:47 IST" finished-at="2023-04-30T02:12:47 IST">
          <reporter-output>
          </reporter-output>
        </test-method> <!-- tearDown -->
      </class> <!-- tests.TestRegistration -->
    </test> <!-- Test -->
  </suite> <!-- Suite -->
</testng-results>
